Worker 1 has started.
Worker 3 has started.
Master processor : Reading ligandlist file and creating work pool.
Worker 2 has started.
Worker = 3 : ligand 'dbfda-bio-lig003.pdbqt' is processing...
Worker = 1 : ligand 'dbfda-bio-lig001.pdbqt' is processing...
Worker = 2 : ligand 'dbfda-bio-lig002.pdbqt' is processing...
Worker = 1 : ligand 'dbfda-bio-lig004.pdbqt' is processing...
Worker = 2 : ligand 'dbfda-bio-lig005.pdbqt' is processing...
Worker = 3 : ligand 'dbfda-bio-lig006.pdbqt' is processing...
Worker = 1 : ligand 'dbfda-bio-lig007.pdbqt' is processing...
Worker = 2 : ligand 'dbfda-bio-lig008.pdbqt' is processing...
Worker = 3 : ligand 'dbfda-bio-lig009.pdbqt' is processing...
Worker = 1 : ligand 'dbfda-bio-lig010.pdbqt' is processing...
Worker = 2 : ligand 'dbfda-bio-lig011.pdbqt' is processing...
Worker = 3 : ligand 'dbfda-bio-lig012.pdbqt' is processing...
Worker = 1 : ligand 'dbfda-bio-lig013.pdbqt' is processing...
Worker = 2 : ligand 'dbfda-bio-lig014.pdbqt' is processing...
Worker = 3 : ligand 'dbfda-bio-lig015.pdbqt' is processing...
Worker = 1 : ligand 'dbfda-bio-lig016.pdbqt' is processing...
Worker = 2 : ligand 'dbfda-bio-lig017.pdbqt' is processing...
Worker = 3 : ligand 'dbfda-bio-lig018.pdbqt' is processing...
Worker = 1 : ligand 'dbfda-bio-lig019.pdbqt' is processing...
Worker = 2 : ligand 'dbfda-bio-lig020.pdbqt' is processing...
Worker = 3 : ligand 'dbfda-bio-lig021.pdbqt' is processing...
Worker = 1 : ligand 'dbfda-bio-lig022.pdbqt' is processing...
Worker = 2 : ligand 'dbfda-bio-lig023.pdbqt' is processing...
Worker = 3 : ligand 'dbfda-bio-lig024.pdbqt' is processing...
Worker = 1 : ligand 'dbfda-bio-lig025.pdbqt' is processing...
Worker = 2 : ligand 'dbfda-bio-lig026.pdbqt' is processing...
Worker = 3 : ligand 'dbfda-bio-lig027.pdbqt' is processing...
Worker = 1 : ligand 'dbfda-bio-lig028.pdbqt' is processing...
Worker = 2 : ligand 'dbfda-bio-lig029.pdbqt' is processing...
Worker = 3 : ligand 'dbfda-bio-lig030.pdbqt' is processing...
Worker = 1 : ligand 'dbfda-bio-lig031.pdbqt' is processing...
Worker = 2 : ligand 'dbfda-bio-lig032.pdbqt' is processing...
Worker = 3 : ligand 'dbfda-bio-lig033.pdbqt' is processing...
Worker = 1 : ligand 'dbfda-bio-lig034.pdbqt' is processing...
Worker = 2 : ligand 'dbfda-bio-lig035.pdbqt' is processing...
Worker = 3 : ligand 'dbfda-bio-lig036.pdbqt' is processing...
Worker = 1 : ligand 'dbfda-bio-lig037.pdbqt' is processing...
Worker = 2 : ligand 'dbfda-bio-lig038.pdbqt' is processing...
Worker = 3 : ligand 'dbfda-bio-lig039.pdbqt' is processing...
Worker = 1 : ligand 'dbfda-bio-lig040.pdbqt' is processing...
Worker 2 has terminated.
Worker 3 has terminated.


..........................................
   Number of workers       = 3 
   Number of Lignds        = 40 
   Total time required     = 0.21 seconds.
..........................................

Worker 1 has terminated.
